2024-12-03 21:40:58,505: Started application with uvloop
2024-12-03 21:40:58,505: Loaded needed files and cleaned logs
2024-12-03 21:40:58,505: Config: 
{
  "data_path": "files/data.json",
  "arbs_path": "output/arbs.json",
  "events_path": "output/events.json",
  "events_by_sport_path": "output/events_by_sport.json",
  "odds_path": "output/odds.json",
  "info_path": "output/info.json",
  "sport_to_use": [
    "tennis",
    "football",
    "basketball"
  ],
  "website_to_use": [
    "allinbet",
    "better",
    "sisal",
    "eurobet",
    "vincitu",
    "playmatika"
  ],
  "total_amount": 100,
  "bet_round_up": 5,
  "sleep_after_run": 5
}

2024-12-03 21:40:58,508: Created scrapers for: allinbet, better, sisal, eurobet, vincitu, playmatika
2024-12-03 21:40:58,508: Starting main loop, press CTRL + C to exit
2024-12-03 21:40:58,508: 
2024-12-03 21:40:58,508: Iteration n.0
2024-12-03 21:40:59,117: Scraping and parsing done in 0.609s
2024-12-03 21:40:59,131: Found: n.147 events, n.1 arbs
2024-12-03 21:41:04,131: 
2024-12-03 21:41:04,131: Iteration n.1
2024-12-03 21:41:04,720: Scraping and parsing done in 0.5888s
2024-12-03 21:41:04,734: Found: n.145 events, n.1 arbs
2024-12-03 21:41:09,734: 
2024-12-03 21:41:09,734: Iteration n.2
2024-12-03 21:41:10,172: Scraping and parsing done in 0.4382s
2024-12-03 21:41:10,185: Found: n.146 events, n.1 arbs
2024-12-03 21:41:15,185: 
2024-12-03 21:41:15,186: Iteration n.3
2024-12-03 21:41:15,962: Scraping and parsing done in 0.7766s
2024-12-03 21:41:15,975: Found: n.146 events, n.0 arbs
2024-12-03 21:41:20,975: 
2024-12-03 21:41:20,979: Iteration n.4
2024-12-03 21:41:21,412: Scraping and parsing done in 0.4329s
2024-12-03 21:41:21,424: Found: n.146 events, n.1 arbs
2024-12-03 21:41:26,424: 
2024-12-03 21:41:26,424: Iteration n.5
2024-12-03 21:41:26,953: Scraping and parsing done in 0.528s
2024-12-03 21:41:26,965: Found: n.145 events, n.1 arbs
