2024-12-03 21:40:58,508: 
2024-12-03 21:40:58,508: Iteration n.0
2024-12-03 21:40:58,668: Request, code 403
Traceback (most recent call last):
  File "/home/hypnos999/Desktop/live-odds-checker-with-arbitrage-betting/scripts/scraping/scraper.py", line 72, in scrape
    raise Exception(f'Request, code {r.status_code}')
Exception: Request, code 403
2024-12-03 21:40:59,116: found n.0 events
2024-12-03 21:41:04,132: 
2024-12-03 21:41:04,132: Iteration n.1
2024-12-03 21:41:04,192: Request, code 403
Traceback (most recent call last):
  File "/home/hypnos999/Desktop/live-odds-checker-with-arbitrage-betting/scripts/scraping/scraper.py", line 72, in scrape
    raise Exception(f'Request, code {r.status_code}')
Exception: Request, code 403
2024-12-03 21:41:04,718: found n.0 events
2024-12-03 21:41:09,735: 
2024-12-03 21:41:09,735: Iteration n.2
2024-12-03 21:41:09,790: Request, code 403
Traceback (most recent call last):
  File "/home/hypnos999/Desktop/live-odds-checker-with-arbitrage-betting/scripts/scraping/scraper.py", line 72, in scrape
    raise Exception(f'Request, code {r.status_code}')
Exception: Request, code 403
2024-12-03 21:41:10,171: found n.0 events
2024-12-03 21:41:15,187: 
2024-12-03 21:41:15,187: Iteration n.3
2024-12-03 21:41:15,250: Request, code 403
Traceback (most recent call last):
  File "/home/hypnos999/Desktop/live-odds-checker-with-arbitrage-betting/scripts/scraping/scraper.py", line 72, in scrape
    raise Exception(f'Request, code {r.status_code}')
Exception: Request, code 403
2024-12-03 21:41:15,959: found n.0 events
2024-12-03 21:41:20,980: 
2024-12-03 21:41:20,980: Iteration n.4
2024-12-03 21:41:21,040: Request, code 403
Traceback (most recent call last):
  File "/home/hypnos999/Desktop/live-odds-checker-with-arbitrage-betting/scripts/scraping/scraper.py", line 72, in scrape
    raise Exception(f'Request, code {r.status_code}')
Exception: Request, code 403
2024-12-03 21:41:21,410: found n.0 events
2024-12-03 21:41:26,426: 
2024-12-03 21:41:26,426: Iteration n.5
2024-12-03 21:41:26,484: Request, code 403
Traceback (most recent call last):
  File "/home/hypnos999/Desktop/live-odds-checker-with-arbitrage-betting/scripts/scraping/scraper.py", line 72, in scrape
    raise Exception(f'Request, code {r.status_code}')
Exception: Request, code 403
2024-12-03 21:41:26,951: found n.0 events
